<?xml version="1.0" encoding="UTF-8"?>
<testng-results ignored="0" total="1" passed="1" failed="0" skipped="0">
  <reporter-output>
  </reporter-output>
  <suite started-at="2026-05-07T06:48:20 IST" name="Default suite" finished-at="2026-05-07T07:00:15 IST" duration-ms="715405">
    <groups>
      <group name="cucumber">
        <method signature="AbstractTestNGCucumberTests.runScenario(io.cucumber.testng.PickleWrapper,io.cucumber.testng.FeatureWrapper)[pri:0, instance:runners.TestRunner@6441c486]" name="runScenario" class="io.cucumber.testng.AbstractTestNGCucumberTests"/>
      </group> <!-- cucumber -->
    </groups>
    <test started-at="2026-05-07T06:48:20 IST" name="Default test" finished-at="2026-05-07T07:00:15 IST" duration-ms="715405">
      <class name="runners.TestRunner">
        <test-method is-config="true" signature="setUpClass(org.testng.ITestContext)[pri:0, instance:runners.TestRunner@6441c486]" started-at="2026-05-07T06:48:20 IST" name="setUpClass" finished-at="2026-05-07T06:48:23 IST" duration-ms="3071" status="PASS">
          <params>
            <param index="0">
              <value>
                <![CDATA[org.testng.TestRunner@191cea68]]>
              </value>
            </param>
          </params>
          <reporter-output>
          </reporter-output>
        </test-method> <!-- setUpClass -->
        <test-method signature="runScenario(io.cucumber.testng.PickleWrapper,io.cucumber.testng.FeatureWrapper)[pri:0, instance:runners.TestRunner@6441c486]" started-at="2026-05-07T06:48:23 IST" name="runScenario" description="Runs Cucumber Scenarios" data-provider="scenarios" finished-at="2026-05-07T07:00:15 IST" duration-ms="711963" status="PASS">
          <params>
            <param index="0">
              <value>
                <![CDATA["Add item from Excel sheet and send to Vendor successfully"]]>
              </value>
            </param>
            <param index="1">
              <value>
                <![CDATA["RFQ item management"]]>
              </value>
            </param>
          </params>
          <reporter-output>
          </reporter-output>
        </test-method> <!-- runScenario -->
        <test-method is-config="true" signature="tearDownClass()[pri:0, instance:runners.TestRunner@6441c486]" started-at="2026-05-07T07:00:15 IST" name="tearDownClass" finished-at="2026-05-07T07:00:15 IST" duration-ms="153" status="PASS">
          <reporter-output>
          </reporter-output>
        </test-method> <!-- tearDownClass -->
      </class> <!-- runners.TestRunner -->
    </test> <!-- Default test -->
  </suite> <!-- Default suite -->
</testng-results>
