<?xml version="1.0" encoding="UTF-8"?>
<testsuite name="Cucumber" time="712.353" tests="1" skipped="0" failures="0" errors="0">
<testcase classname="RFQ item management" name="Add item from Excel sheet and send to Vendor successfully" time="710.967">
<system-out><![CDATA[
Given User is on the RFQ details page.......................................passed
When User clicks on "Add Row" button........................................passed
And User enters item details from Excel sheet "src/resources/testdata/RFQ_Items.xlsx".passed
And User clicks on "Send Email" button......................................passed
And User creates a new version..............................................passed
And User adds a note "Please review and submit your best quote".............passed
And User selects vendors "Test_1,Test_2"....................................passed
And User clicks on vendor save button.......................................passed
And User sends the email....................................................passed
Then item should be added and email sent to vendor successfully.............passed
]]></system-out>
</testcase>
</testsuite>
